<?xml version="1.0" encoding="utf-8"?><testsuites name="pytest tests"><testsuite name="pytest" errors="0" failures="1" skipped="0" tests="12" time="13.361" timestamp="2026-04-21T02:49:31.572094+00:00" hostname="agent-env-18d20c0e-4833-46de-983d-74b3c081a5f1"><testcase classname="backend.tests.test_backend" name="test_health" time="0.269" /><testcase classname="backend.tests.test_backend" name="test_register_and_me" time="0.349"><failure message="AssertionError: assert 'test_a88da3cd@teste.com' == 'TEST_a88da3cd@teste.com'&#10;  &#10;  - TEST_a88da3cd@teste.com&#10;  ? ^^^^&#10;  + test_a88da3cd@teste.com&#10;  ? ^^^^">backend/tests/test_backend.py:34: in test_register_and_me
    assert r2.json()["email"] == email
E   AssertionError: assert 'test_a88da3cd@teste.com' == 'TEST_a88da3cd@teste.com'
E     
E     - TEST_a88da3cd@teste.com
E     ? ^^^^
E     + test_a88da3cd@teste.com
E     ? ^^^^</failure></testcase><testcase classname="backend.tests.test_backend" name="test_admin_login" time="0.274" /><testcase classname="backend.tests.test_backend" name="test_lead_create" time="0.060" /><testcase classname="backend.tests.test_backend" name="test_contact_create" time="0.098" /><testcase classname="backend.tests.test_backend" name="test_blog_list_and_filter" time="0.120" /><testcase classname="backend.tests.test_backend" name="test_blog_get_slug" time="0.068" /><testcase classname="backend.tests.test_backend" name="test_resources_list" time="0.051" /><testcase classname="backend.tests.test_backend" name="test_resource_access_open_and_gated" time="0.162" /><testcase classname="backend.tests.test_backend" name="test_admin_stats_requires_token" time="0.108" /><testcase classname="backend.tests.test_backend" name="test_admin_leads_contacts" time="0.108" /><testcase classname="backend.tests.test_backend" name="test_chat" time="11.473" /></testsuite></testsuites>